[    .000] itlizing cgroupsusy cust
[  00000] italzi croupsuys cu
[  0.00000Intiliincgoup subsys cpucc
[   0.000 Linux vesi 44.0-89--generic (buildd@lgw01-18) (gcc version 5.4.0 20160609 (Ubuntu 5.4.0-6ubuntu1~16.04.) ) #11-UuntuMPMon J 3 19:38:41 UTC 2017 (Ubuntu 4.4.0-.12-generic 4.4.76)
[    0.000000] Command lie:OOT_IGEbootvmnuz-4.4.0-89-generic otABEL=loudimgrootfs ro console=tty1cosole=ty
[   00000] KERNEL supported cpus:
[    0.0000  Intel GenuineIntel
[    0.000000]   AMD AuthentcAMD
[    0.000000]   Centaur CentaurHauls
[    0.000000] x86/fpu: xstate_offset[2] 576, xstatesis[2]:  256
[    0.000000] x86/fpu: Supporting XSAVE feature 0x01: 'x87 floating point registers'
[    0.000000] x86/fpu: Suppoing XSAV ftue 0x0: SE restrs
[    0.0000]86pu: Spptig XSAE feaur 004:'A rgisters'
[    0.000] x86/fpu Ebld xstat ftues 0x7, context size is 832 te usin'standard'format.
[   0.00000 x86fp Usin 'zy FPU onxtswitcs.
[    .0000] e820: BIOS-provided physial RAM ap
[    .000] BOS82: [mem 0000000000000x00000009bff]sale
[   00000]IO-e820: [mem 0x000000000009fc00-0x00000000000fff] reserve
   00000] IO-e20: [m x0000000f0000-0x00000000000fffff] reered
[   00000] BIO-e0: [mem 000000000000-0000003ffff] usable
[    0.000000] BIOS-e820: [mem 0x000000003f000-0x000003fff] ACI ta
[   0.000] BIOSe80:[mm 0x00000ff00-000000000fffff] reserved
[    0.00000] NX (Execute Disable) protection:acve
[  00000] BIOS2.prsen.
[   0.00000]HyervsodeecedKV
  0.0000e80: la_pfn  03ff0axarchpfn = 0x400000000
  0.0000] MTRR: Disabled
[   0.000000] x86/PAT: MTRRs disabld,kipig T nitilization too.
[    0.000000] x86/PAT: Configuration [0-7]: WB  WT  UC- UC  WB  WT  UC- UC  
[    0.000000] CPU MTRRs all blank  vtualized system.
[  000000] funSM MP-tabe  [mem0x09ff0-x09fff] mapped at [ffff88000009fff0]
[    0.000000] Scanning 1 areas for low memory corruption
[    0.000000] RAMDISK: [mem 0x36ac4000-0x37559fff]
[    0.000000] ACPI: Early table chesuverifationdisabled
[    0.000000] ACPI: RSDP 0x00000000000E0000 000024 (v02 VBOX  )
[    0.000000] ACPI: XSDT 0x000000003FFF003 00003C (v01 VBOX   VBOXXSDT 0000001 ASL  00000061)
[    0.000000] ACPI: FACP 0x000000003FFF00F0 0000F (04 VBOX   VBOXFACP 0000 ASL 00006
   0.000000] ACPI: DSDT 0x0000003FF0470 002118 (v01 VBOX   VBOXBIOS 0002 IN 21008)
[    0000] API: FACS 0x000000003FFF0200 000040
[    0.000000] ACPI: FACS 0x000000003FFF0200 000040
[    0.000000] ACPI: APIC 0x000000003FFF0240 00005C (v02 VBOX   VBOXAPIC 00000001 ASL  00000061)
[    0.000000] ACPI: SSDT 0x000000003FFF02A0 0001CC (v01 VBOX   VBOXCPUT 00000002 INTL 20100528)
[    0.000000] No NUMA configuration found
[    0.000000] Faking a node at [mem 0x0000000000000000-00000000feff]    00000 NDEAT(0) aloced [me 0ffb00-03feffff]
[   0000000] kvm-clock: Using msrs 4b641 nd 4b6400
[   0.0000] vmclck: pu, sr 0:3ffe301, primary cpu clock
[    0.000000] kvm-clock: using sched offset of 3263302 cycle
   0.00000clcksorc: m-clo: ask 0ffffffffff macyes: x1d4e4dfbmax_idle_ns: 881590591483 ns
[   0.000]Zoe ngs:
[    0.000000]   DMA    [mm 0x00000000100-0x00000000ffffff]
[   00000]  DA32    [mem 0x0000000001000000-0x000000003ffeffff]
[    0.00000]   Nrml  ety
[    00000   eve  empt
  0.0000 Mvae ne stat r eac ne
[  000000] Eary moryno ranges
[    0.000000]   node   0: [mem 0x0000000000001000-0x000000000009efff]
[    0.000000]   node   0: [mem 0x0000000000100000-0x000000003ffeffff]
[    0.000000] Initmem setup node 0 [mem 0x0000000000001000-0x000000003ffeffff]
[    0.000000] ACPI: PM-Timer IO Port: 0x4008
[    0.000000] IOAPIC[0]: apic_id 2, verio17 adress 0xfec00000, GSI 0-23
   0.000] ACPI: INT_SRC_OVR (bus 0 bus_irq 0 gob_irq2 df dl)
[   0.0000] PI: T_RCOVR (us bus_irq  global_iq 9 gh levl)
  0.00000] si ACPI (AD fr SMP confiurion iortion
  0.00000smboot:llwing 2 CPs, hotplug PUs[   0.000] PM:egstere nosave memory: [mem 0000000x000ff]    0.000]PM: egistered nosave memory:[mm x0009000x009fff
[    .0000] PM: Registered nosveemry:[m 0000a000-00efff
   0.00000] PM: egtered nosavemery [me 000f000x000ffff]
[  000000]820: [emx4000000xffbfff] available for PCI devices
[    0.000000] Booting paravirtualized kernel on KVM
[    0.000000] clocksource: refined-jiffies: mask: 0xffffffff max_cycles: 0xffffffff, max_idle_ns: 7645519600211568 ns
[    0.000000] setup_percpu: NR_CUS51 ncpumask_bits:512 nr_cu_ids:2nrod_id:1[    0.00000]ERCPU:Emdded 33 ages/cpu @ffff88003fc00000 s98264 r8192 d28712 u1048576
[    0.000000] PV qspinlock ash table entries: 256 (order: 0, 4096 bytes)
[    0.00000] Bult1 onlis n Noe der, mbity gouinon. Tol ags:57913[  0.0000 Plicy zneDM32
  0.00000Kerl commad line: BOOT_IMAGE=/boot/vmlinuz-4.4.0-89-generic root=LABEL=cloudimg-rootfs ro console=tty1 console=ttyS0
[    0.000000] PIDash ab etres: 4096 (order: 3, 32768 bytes)
[    0.000000] Memory: 1001736K/1048120K available (8474K kernel code124K rwata, 98  rodta148K ini, 16 bs,634Krerved, 0K cma-reservd)
[   0.000] SLUB: HWli=6, Order=03,inObec=0, CPUs=2, Nodes=1
[    0.000000] Hierarchical CU implementation.
[    .000000] 	Build-time adjustment of leaf fanout to 64.
[    0.000000] 	RCU restritin CUs fom NR_CUS512 tonrcpu_ids=2.
[    0.0000] RCU: Adjusting geometry forc_fanout_laf4, nr_cpu_ids=2
[   00000] NR_IRQS:33024 nr_irqs:440 16
[    0.000000] Console: colour VGA+ 80x25
[    0.000000] csoe [tty] abed
[  00000]onsole [ttS0enabled
[    0.000000] tsc: Detected 2699.998 MHz presrr
[   13.491943] Calibrating delay loop (skipped) preset value.. 5399.99 BogoMIPS (lpj=10799992)
[   13.531757] pid_max: default: 32768 minimum: 301
[   13.548630] ACPI: Core revision 20150930
[   13.557013] ACPI: 2 ACPI AML tables successfully acquired and loaded
[   13.565770] Security Framework initialized
[   13.576523] Yama: becoming mindful.
[   13.585014] AppArmor: AppArmor initialized
[   13.588753] Dentry cache hash table entries: 131072 (order: 8, 1048576 bytes)
[   13.594361] Inode-cache hash table entries: 65536 (order: 7, 524288 bytes)
[   13.625805] Mount-cache hash table entries: 2048 (order: 2, 16384 bytes)
[   13.667482] Mountpoint-cache hash table entries: 2048 (order: 2, 16384 bytes)
[   13.715692] Initializing cgroup subsys io
[   13.716700] Initializing cgroup subsys memory
[   13.717759] Initializing cgroup subsys devices
[   13.718823] Initializing cgroup subsys freezer
[   13.719929] Initializing cgroup subsys net_cls
[   13.720997] Initializing cgroup subsys perf_event
[   13.722102] Initializing cgroup subsys net_prio
[   13.723386] Initializing cgroup subsys hugetlb
[   13.735198] Initializing cgroup subsys pids
[   13.736308] CPU: Physical Processor ID: 0
[   13.737290] CPU: Processor Core ID: 0
[   13.776242] mce: CPU supports 0 MCE banks
[   13.828526] Last level iTLB entries: 4KB 64, 2MB 8, 4MB 8
[   13.877798] Last level dTLB entries: 4KB 64, 2MB 0, 4MB 0, 1GB 4
[   13.881009] Freeing SMP alternatives memory: 32K (ffffffff820b9000 - ffffffff820c1000)
[   13.948453] ftrace: allocating 32131 entries in 126 pages
[   14.077311] smpboot: APIC(0) Converting physical 0 to logical package 0
[   14.187146] smpboot: Max logical packages: 1
[   14.244638] ..TIMER: vector=0x30 apic1=0 pin1=2 apic2=-1 pin2=-1
[   14.446584] smpboot: CPU0: Intel(R) Core(TM) i5-5257U CPU @ 2.70GHz (family: 0x6, model: 0x3d, stepping: 0x4)
[   14.530607] Performance Events: unsupported p6 CPU model 61 no PMU driver, software events only.
[   14.569369] KVM setup paravirtual spinlock
[   14.570982] x86: Booting SMP configuration:
[   14.639438] .... node  #0, CPUs:      #1
[   14.690656] kvm-clock: cpu 1, msr 0:3ffe3041, secondary cpu clock
[   14.739110] mce: CPU supports 0 MCE banks
[   14.741863] x86: Booted up 1 node, 2 CPUs
[   14.757333] smpboot: Total of 2 processors activated (10799.99 BogoMIPS)
[   14.816957] devtmpfs: initialized
[   14.865263] evm: security.selinux
[   14.891689] evm: security.SMACK64
[   14.917572] evm: security.SMACK64EXEC
[   14.926985] evm: security.SMACK64TRANSMUTE
[   14.963137] evm: security.SMACK64MMAP
[   14.994412] evm: security.ima
[   15.027654] evm: security.capability
[   15.079193] clocksource: jiffies: mask: 0xffffffff max_cycles: 0xffffffff, max_idle_ns: 7645041785100000 ns
[   15.172541] futex hash table entries: 512 (order: 3, 32768 bytes)
[   15.206530] pinctrl core: initialized pinctrl subsystem
[   15.219226] RTC time: 14:33:15, date: 08/10/17
[   15.222187] NET: Registered protocol family 16
[   15.262727] cpuidle: using governor ladder
[   15.314048] cpuidle: using governor menu
[   15.355562] PCCT header not found.
[   15.394280] ACPI: bus type PCI registered
[   15.436574] acpiphp: ACPI Hot Plug PCI Controller Driver version: 0.5
[   15.494417] PCI: Using configuration type 1 for base access
[   15.563762] ACPI: Added _OSI(Module Device)
[   15.580028] ACPI: Added _OSI(Processor Device)
[   15.625850] ACPI: Added _OSI(3.0 _SCP Extensions)
[   15.669666] ACPI: Added _OSI(Processor Aggregator Device)
[   15.742220] ACPI: Executed 1 blocks of module-level executable AML code
[   15.748990] ACPI: Interpreter enabled
[   15.751142] ACPI: (supports S0 S5)
[   15.772117] ACPI: Using IOAPIC for interrupt routing
[   15.821701] PCI: Using host bridge windows from ACPI; if necessary, use "pci=nocrs" and report a bug
[   15.852427] ACPI: PCI Root Bridge [PCI0] (domain 0000 [bus 00-ff])
[   15.898052] acpi PNP0A03:00: _OSC: OS supports [ASPM ClockPM Segments MSI]
[   15.962223] acpi PNP0A03:00: _OSC failed (AE_NOT_FOUND); disabling ASPM
[   16.005410] acpi PNP0A03:00: fail to add MMCONFIG information, can't access extended PCI configuration space under this bridge.
[   16.050161] PCI host bridge to bus 0000:00
[   16.105342] pci_bus 0000:00: root bus resource [io  0x0000-0x0cf7 window]
[   16.159002] pci_bus 0000:00: root bus resource [io  0x0d00-0xffff window]
[   16.174491] pci_bus 0000:00: root bus resource [mem 0x000a0000-0x000bffff window]
[   16.248043] pci_bus 0000:00: root bus resource [mem 0x40000000-0xffdfffff window]
[   16.302390] pci_bus 0000:00: root bus resource [bus 00-ff]
[   16.305246] pci 0000:00:01.1: legacy IDE quirk: reg 0x10: [io  0x01f0-0x01f7]
[   16.377032] pci 0000:00:01.1: legacy IDE quirk: reg 0x14: [io  0x03f6]
[   16.417662] pci 0000:00:01.1: legacy IDE quirk: reg 0x18: [io  0x0170-0x0177]
[   16.492452] pci 0000:00:01.1: legacy IDE quirk: reg 0x1c: [io  0x0376]
[   16.563205] ACPI: PCI Interrupt Link [LNKA] (IRQs 5 9 10 11) *0, disabled.
[   16.585848] ACPI: PCI Interrupt Link [LNKB] (IRQs 5 9 10 *11)
[   16.587635] ACPI: PCI Interrupt Link [LNKC] (IRQs 5 9 *10 11)
[   16.634849] ACPI: PCI Interrupt Link [LNKD] (IRQs 5 *9 10 11)
[   16.699320] ACPI: Enabled 2 GPEs in block 00 to 07
[   16.700887] vgaarb: setting as boot device: PCI:0000:00:02.0
[   16.756559] vgaarb: device added: PCI:0000:00:02.0,decodes=io+mem,owns=io+mem,locks=none
[   16.800592] vgaarb: loaded
[   16.824161] vgaarb: bridge control possible 0000:00:02.0
[   16.831107] SCSI subsystem initialized
[   16.868093] ACPI: bus type USB registered
[   16.913611] usbcore: registered new interface driver usbfs
[   16.947939] usbcore: registered new interface driver hub
[   17.000392] usbcore: registered new device driver usb
[   17.037741] PCI: Using ACPI for IRQ routing
[   17.088188] NetLabel: Initializing
[   17.119919] NetLabel:  domain hash size = 128
[   17.141122] NetLabel:  protocols = UNLABELED CIPSOv4
[   17.195715] NetLabel:  unlabeled traffic allowed by default
[   17.243874] amd_nb: Cannot enumerate AMD northbridges
[   17.297011] clocksource: Switched to clocksource kvm-clock
[ 17528]ppmo AArmorFilesystm abd  177032]pn PP PI iit[ 18431]npPnAC: un3 evice

[   18.781283] clocksource: acpi_pm: mask: 0xffffff max_cycles: 0xffffff, max_idle_ns: 2085701024 ns
[   18.884902] NET: Registered protocol family 2
[   18.938152] TCP established hash table entries: 8192 (order: 4, 65536 bytes)
[   18.992213] TCP bind hash table entries: 8192 (order: 5, 131072 bytes)
[   19.053661] TCP: Hash tables configured (established 8192 bind 8192)
[   19.076274] UDP hash table entries: 512 (order: 2, 16384 bytes)
[   19.080132] UDP-Lite hash table entries: 512 (order: 2, 16384 bytes)
[   19.108468] NET: Registered protocol family 1
[   19.130339] pci 0000:00:00.0: Limiting direct PCI/PCI transfers
[   19.140025] pci 0000:00:01.0: Activating ISA DMA hang workarounds
[   19.178987] Unpacking initramfs...
[   20.923876] Freeing initrd memory: 10840K (ffff880036ac4000 - ffff88003755a000)
[   21.037941] RAPL PMU detected, API unit is 2^-32 Joules, 4 fixed counters 10737418240 ms ovfl timer
[   21.178751] hw unit of domain pp0-core 2^-0 Joules
[   21.223421] hw unit of domain package 2^-0 Joules
[   21.292487] hw unit of domain dram 2^-0 Joules
[   21.303691] hw unit of domain pp1-gpu 2^-0 Joules
[   21.311023] platform rtc_cmos: registered platform RTC device (no PNP device found)
[   21.406096] Scanning for low memory corruption every 60 seconds
[   21.413694] audit: initializing netlink subsys (disabled)
[   21.458508] audit: type=2000 audit(1502375589.292:1): initialized
[   21.495287] Initialise system trusted keyring
[   21.496742] HugeTLB registered 2 MB page size, pre-allocated 0 pages
[   21.552209] zbud: loaded
[   21.579544] VFS Dk otas uo6.0  1.99] S:Dqt-cheha tblenries: 512 (order 0, 4096 bytes)
[   22.46101] tsc: Refined TSC clocksource calibration: 2698.466 MHz

[   22.511123] clocksource: tsc: mask: 0xffffffff max_cycles: 0x26e595766be, max_idle_ns: 4407953111s
[   22.511622] squashfs: version 4.0 (2009/01/31) Phillip Lougher
[   22.853333] fuse init (API version 7.23

[   22.853463] Key type big_key registered
[   22.853478] Allocating IMA MOK and blacklist keyrings.
[   22.853657] Key type asymmetric registered
[   22.853663] Asymmetric key parser 'x509' registered
[   22.853696] Block layer SCSI generic (bsg) driver version 0.4 loaded (major 249)
[   22.853733] io scheduler noop registered
[   22.853735] io scheduler deadline registered (default)
[   22.853761] io scheduler cfq registered
[   22.853853] pci_hotplug: PCI Hot Plug PCI Core version: 0.5
[   22.853858] pciehp: PCI Express Hot Plug Controller Driver version: 0.4
[   22.854180] ACPI: AC Adapter [AC] (on-line)
[   22.854233] input: Power Button as /devices/LNXSYSTM:00/LNXPWRBN:00/input/input0
[   22.854235] ACPI: Power Button [PWRF]
[   22.854319] input: Sleep Button as /devices/LNXSYSTM:00/LNXSLPBN:00/input/input1
[   22.854320] ACPI: Sleep Button [SLPF]
[   22.854452] GHES: HEST is not enabled!
[   22.854532] Serial: 8250/16550 driver, 32 ports, IRQ sharing enabled
[   22.877366] 00:02: ttyS0 at I/O 0x3f8 (irq = 4, base_baud = 115200) is a 16550A
[   22.906820] Linux agpgart interface v0.103
[   22.924811] loop: module loaded
[   22.925451] scsi host0: ata_piix
[   22.925502] scsi host1: ata_piix
[   22.925529] ata1: PATA max UDMA/33 cmd 0x1f0 ctl 0x3f6 bmdma 0xd000 irq 14
[   22.925529] ata2: PATA max UDMA/33 cmd 0x170 ctl 0x376 bmdma 0xd008 irq 15
[   22.925598] libphy: Fixed MDIO Bus: probed
[   22.925600] tun: Universal TUN/TAP device driver, 1.6
[   22.925600] tun: (C) 1999-2004 Max Krasnyansky <maxk@qualcomm.com>
[   22.925638] PPP generic driver version 2.4.2
[   22.925684] ehci_hcd: USB 2.0 'Enhanced' Host Controller (EHCI) Driver
[   22.925688] ehci-pci: EHCI PCI platform driver
[   22.925704] ehci-platform: EHCI generic platform driver
[   22.925711] ohci_hcd: USB 1.1 'Open' Host Controller (OHCI) Driver
[   22.925714] ohci-pci: OHCI PCI platform driver
[   22.925721] ohci-platform: OHCI generic platform driver
[   22.925727] uhci_hcd: USB Universal Host Controller Interface driver
[   22.925778] i8042: PNP: PS/2 Controller [PNP0303:PS2K,PNP0f03:PS2M] at 0x60,0x64 irq 1,12
[   22.927073] ACPI: Battery Slot [BAT0] (battery present)
[   22.927879] serio: i8042 KBD port at 0x60,0x64 irq 1
[   22.927885] serio: i8042 AUX port at 0x60,0x64 irq 12
[   22.928048] mousedev: PS/2 mouse device common for all mice
[   22.928354] rtc_cmos rtc_cmos: rtc core: registered rtc_cmos as rtc0
[   22.928413] rtc_cmos rtc_cmos: alarms up to one day, 114 bytes nvram
[   22.928420] i2c /dev entries driver
[   22.928472] device-mapper: uevent: version 1.0.3
[   22.928519] device-mapper: ioctl: 4.34.0-ioctl (2015-10-28) initialised: dm-devel@redhat.com
[   22.928536] ledtrig-cpu: registered to indicate activity on CPUs
[   22.929001] NET: Registered protocol family 10
[   22.929131] NET: Registered protocol family 17
[   22.929139] Key type dns_resolver registered
[   22.937364] microcode: CPU0 sig=0x306d4, pf=0x40, revision=0x0
[   22.937380] microcode: CPU1 sig=0x306d4, pf=0x40, revision=0x0
[   22.937449] microcode: Microcode Update Driver: v2.01 <tigran@aivazian.fsnet.co.uk>, Peter Oruba
[   22.937560] registered taskstats version 1
[   22.937573] Loading compiled-in X.509 certificates
[   22.938169] Loaded X.509 cert 'Build time autogenerated kernel key: 420a71e958a947963108b13c1c2e45412a03ca90'
[   22.938187] zswap: loaded using pool lzo/zbud
[   22.939436] Key type trusted registered
[   22.941719] Key type encrypted registered
[   22.941724] AppArmor: AppArmor sha1 policy hashing enabled
[   22.941727] ima: No TPM chip found, activating TPM-bypass!
[   22.941743] evm: HMAC attrs: 0x1
[   22.942003]   Magic number: 13:277:586
[   22.942873] rtc_cmos rtc_cmos: setting system clock to 2017-08-10 14:33:23 UTC (1502375603)
[   22.942996] BIOS EDD facility v0.16 2004-Jun-25, 0 devices found
[   22.942996] EDD information not available.
[   22.971800] input: AT Translated Set 2 keyboard as /devices/platform/i8042/serio0/input/input2
[   24.423147] Freeing unused kernel memory: 1488K (ffffffff81f45000 - ffffffff820b9000)
[   24.474503] Write protecting the kernel read-only data: 14336k
[   24.544730] Freeing unused kernel memory: 1752K (ffff88000184a000 - ffff880001a00000)
[   24.639496] Freeing unused kernel memory: 112K (ffff880001de4000 - ffff880001e00000)
Loading, please wait...
starting version[   24.673040] random: systemd-udevd: uninitialized urandom read (16 bytes read, 5 bits of entropy available)
 229
[   24.674112] random: udevadm: uninitialized urandom read (16 bytes read, 5 bits of entropy available)
[   24.674161] random: udevadm: uninitialized urandom read (16 bytes read, 5 bits of entropy available)
[   24.674329] random: udevadm: uninitialized urandom read (16 bytes read, 5 bits of entropy available)
[   24.674399] random: udevadm: uninitialized urandom read (16 bytes read, 5 bits of entropy available)
[   24.674449] random: udevadm: uninitialized urandom read (16 bytes read, 5 bits of entropy available)
[   24.674505] random: udevadm: uninitialized urandom read (16 bytes read, 5 bits of entropy available)
[   24.674555] random: udevadm: uninitialized urandom read (16 bytes read, 5 bits of entropy available)
[   24.674623] random: udevadm: uninitialized urandom read (16 bytes read, 5 bits of entropy available)
[   24.674679] random: udevadm: uninitialized urandom read (16 bytes read, 5 bits of entropy available)
[   25.297689] e1000: Intel(R) PRO/1000 Network Driver - version 7.3.21-k8-NAPI
[   25.299606] e1000: Copyright (c) 1999-2006 Intel Corporation.
[   25.301976] Fusion MPT base driver 3.04.20
[   25.337101] Copyright (c) 1999-2008 LSI Corporation
[   25.347205] Fusion MPT SPI Host driver 3.04.20
[   25.383932] AVX version of gcm_enc/dec engaged.
[   25.388858] AES CTR mode by8 optimization enabled
[   25.545149] input: ImExPS/2 Generic Explorer Mouse as /devices/platform/i8042/serio1/input/input4
[   25.714998] e1000 0000:00:03.0 eth0: (PCI:33MHz:32-bit) 02:c0:e2:3c:71:11
[   25.759266] e1000 0000:00:03.0 eth0: Intel(R) PRO/1000 Network Connection
[   25.761954] mptbase: ioc0: Initiating bringup
[   25.762606] e1000 0000:00:03.0 enp0s3: renamed from eth0
[   25.847946] ioc0: LSI53C1030 A0: Capabilities={Initiator}
[   26.749036] scsi host2: ioc0: LSI53C1030 A0, FwRev=00000000h, Ports=1, MaxQ=256, IRQ=20
[   27.757655] scsi 2:0:0:0: Direct-Access     VBOX     HARDDISK         1.0  PQ: 0 ANSI: 5
[   27.848135] scsi target2:0:0: Beginning Domain Validation
[   27.922541] scsi target2:0:0: Domain Validation skipping write tests
[   27.942962] scsi target2:0:0: Ending Domain Validation
[   27.968639] scsi target2:0:0: asynchronous
[   27.999194] scsi 2:0:1:0: Direct-Access     VBOX     HARDDISK         1.0  PQ: 0 ANSI: 5
[   28.068489] scsi target2:0:1: Beginning Domain Validation
[   28.134995] scsi target2:0:1: Domain Validation skipping write tests
[   28.162031] scsi target2:0:1: Ending Domain Validation
[   28.178225] scsi target2:0:1: asynchronous
[   28.209547] sd 2:0:0:0: [sda] 20971520 512-byte logical blocks: (10.7 GB/10.0 GiB)
[   28.304152] sd 2:0:0:0: Attached scsi generic sg0 type 0
[   28.378865] floppy0: no floppy controllers found
[   28.383463] sd 2:0:0:0: [sda] Write Protect is off
[   28.383606] sd 2:0:0:0: [sda] Incomplete mode parameter data
[   28.383607] sd 2:0:0:0: [sda] Assuming drive cache: write through
[   28.538279] sd 2:0:1:0: [sdb] 20480 512-byte logical blocks: (10.5 MB/10.0 MiB)
[   28.538440] sd 2:0:1:0: [sdb] Write Protect is off
[   28.538548] sd 2:0:1:0: [sdb] Incomplete mode parameter data
[   28.538549] sd 2:0:1:0: [sdb] Assuming drive cache: write through
[   28.539291] sd 2:0:1:0: Attached scsi generic sg1 type 0
[   28.540706]  sda: sda1
[   28.541658] sd 2:0:1:0: [sdb] Attached SCSI disk
[   28.542167] sd 2:0:0:0: [sda] Attached SCSI disk
Begin: Loading e[   30.210380] md: linear personality registered for level -1
ssential drivers[   30.247076] md: multipath personality registered for level -4
 ... [   30.277863] md: raid0 personality registered for level 0
[   30.357887] md: raid1 personality registered for level 1
[   30.465298] raid6: sse2x1   gen()  9006 MB/s
[   30.569239] raid6: sse2x1   xor()  7187 MB/s
[   30.661284] raid6: sse2x2   gen() 11404 MB/s
[   30.789249] raid6: sse2x2   xor()  6479 MB/s
[   30.869525] raid6: sse2x4   gen() 12570 MB/s
[   30.981137] raid6: sse2x4   xor()  8723 MB/s
[   31.022879] raid6: using algorithm sse2x4 gen() 12570 MB/s
[   31.024207] raid6: .... xor() 8723 MB/s, rmw enabled
[   31.051255] raid6: using ssse3x2 recovery algorithm
[   31.060626] xor: automatically using best checksumming function:
[   31.141475]    avx       : 19107.000 MB/sec
[   31.152700] async_tx: api initialized (async)
[   31.198407] md: raid6 personality registered for level 6
[   31.248984] md: raid5 personality registered for level 5
[   31.288630] md: raid4 personality registered for level 4
[   31.316757] md: raid10 personality registered for level 10
done.
Begin: Running /scripts/init-premount ... done.
Begin: Mounting root file system ... Begin: Running /scripts/local-top ... done.
Begin: Running /scripts/local-premount ... [   31.379874] Btrfs loaded
Scanning for Btrfs filesystems
done.
Warning: fsck no[   31.442330] EXT4-fs (sda1): mounted filesystem with ordered data mode. Opts: (null)
t present, so skipping root file system
done.
Begin: Running /scripts/local-bottom ... done.
Begin: Running /scripts/init-bottom ... done.
[   31.542574] systemd[1]: systemd 229 running in system mode. (+PAM +AUDIT +SELINUX +IMA +APPARMOR +SMACK +SYSVINIT +UTMP +LIBCRYPTSETUP +GCRYPT +GNUTLS +ACL +XZ -LZ4 +SECCOMP +BLKID +ELFUTILS +KMOD -IDN)
[   31.724351] systemd[1]: Detected virtualization oracle.
[   31.836915] systemd[1]: Detected architecture x86-64.

Welcome to [1mUbuntu 16.04.3 LTS[0m!

[   31.878103] systemd[1]: Set hostname to <ubuntu-xenial>.
[   32.036362] systemd[1]: Started Forward Password Requests to Wall Directory Watch.
[[0;32m  OK  [0m] Started Forward Password Requests to Wall Directory Watch.
[   32.086141] systemd[1]: Set up automount Arbitrary Executable File Formats File System Automount Point.
[[0;32m  OK  [0m] Set up automount Arbitrary Executab...ats File System Automount Point.
[   32.181720] systemd[1]: Started Trigger resolvconf update for networkd DNS.
[[0;32m  OK  [0m] Started Trigger resolvconf update for networkd DNS.
[   32.306566] systemd[1]: Listening on Journal Socket.
[[0;32m  OK  [0m] Listening on Journal Socket.
[   32.385806] systemd[1]: Listening on Journal Audit Socket.
[[0;32m  OK  [0m] Listening on Journal Audit Socket.
[   32.457497] systemd[1]: Listening on udev Kernel Socket.
[[0;32m  OK  [0m] Listening on udev Kernel Socket.
[   32.518096] systemd[1]: Listening on LVM2 metadata daemon socket.
[[0;32m  OK  [0m] Listening on LVM2 metadata daemon socket.
[   32.581511] systemd[1]: Reached target Swap.
[[0;32m  OK  [0m] Reached target Swap.
[   32.621813] systemd[1]: Listening on Journal Socket (/dev/log).
[[0;32m  OK  [0m] Listening on Journal Socket (/dev/log).
[   32.693853] systemd[1]: Reached target Encrypted Volumes.
[[0;32m  OK  [0m] Reached target Encrypted Volumes.
[   32.765830] systemd[1]: Listening on Syslog Socket.
[[0;32m  OK  [0m] Listening on Syslog Socket.
[   32.790605] systemd[1]: Created slice System Slice.
[[0;32m  OK  [0m] Created slice System Slice.
[   32.809600] systemd[1]: Starting Remount Root and Kernel File Systems...
[   32.863636] EXT4-fs (sda1): re-mounted. Opts: (null)
[   32.918584] random: nonblocking pool is initialized
         Starting Remount Root and Kernel File Systems...
[   32.993884] systemd[1]: Starting Nameserver information manager...
         Starting Nameserver information manager...
[   33.125287] systemd[1]: Starting Journal Service...
         Starting Journal Service...
[   33.173921] systemd[1]: Created slice system-serial\x2dgetty.slice.
[[0;32m  OK  [0m] Created slice system-serial\x2dgetty.slice.
[   33.307663] systemd[1]: Starting Create list of required static device nodes for the current kernel...
         Starting Create list of required st... nodes for the current kernel...
[   33.449528] systemd[1]: Mounting Debug File System...
         Mounting Debug File System...
[   33.521700] systemd[1]: Starting Uncomplicated firewall...
         Starting Uncomplicated firewall...
[   33.553724] systemd[]:Lienin on udev Contro Scket.
[[0;32m  OK  [0m] Listening on udev Control Socket.
[   33.833806] systemd[1]: Mounting POSIX Message Queue File System...
         Mounting POSIX Message Queue File System...
[   33.847080] systemd[1]: Listening on LVM2 poll daemon socket.
[[0;32m  OK  [0m] Listening on LVM2 poll daemon socket.
[   33.13293] systemd[1]: Listening on Device-mapper event daemon FIFOs.
[[0;32m  OK  [0m] Listening on Device-mapper event daemon FIFOs.
[   33.965911] systemd[1]: Starting Monitoring of LVM2 mirrors, snapshots etc. using dmeventd or progress polling...
         Starting Monitoring of LVM2 mirrors... dmeventd or progress polling...
[   34.008315] systemd[1]: Starting Set console keymap...
         Starting Set console keymap...
[   34.066514] systemd[1]: Mounting Huge Pages File System...
         Mounting Huge Pages File System...
[   34.129290] systemd[1]: Starting Load Kernel Modules...
[   34.144720] Loading iSCSI transport class v2.0-870.
         Starting Load Kernel Modules...
[   34.172296] iscsi: registered transport (tcp)
[   34.189517] systemd[1]: Listening on /dev/initctl Compatibility Named Pipe.
[[0;32m  OK  [0m] Listening on[   34.219359] iscsi: registered transport (iser)
 /dev/initctl Compatibility Named Pipe.
[   34.262933] systemd[1]: Created slice User and Session Slice.
[[0;32m  OK  [0m] Created slice User and Session Slice.
[   34.394721] systemd[1]: Reached target Slices.
[[0;32m  OK  [0m] Reached target Slices.
[   34.468064] systemd[1]: Reached target User and Group Name Lookups.
[[0;32m  OK  [0m] Reached target User and Group Name Lookups.
[   34.514761] systemd[1]: Mounted POSIX Message Queue File System.
[[0;32m  OK  [0m] Mounted POSIX Message Queue File System.
[   34.681380] systemd[1]: Mounted Huge Pages File System.
[[0;32m  OK  [0m] Mounted Huge Pages File System.
[   34.757795] systemd[1]: Mounted Debug File System.
[[0;32m  OK  [0m] Mounted Debug File System.
[   34.830493] systemd[1]: Started Journal Service.
[[0;32m  OK  [0m] Started Journal Service.
[[0;32m  OK  [0m] Started Remount Root and Kernel File Systems.
[[0;32m  OK  [0m] Started Create list of required sta...ce nodes for the current kernel.
[[0;32m  OK  [0m] Started Uncomplicated firewall.
[[0;32m  OK  [0m] Started Set console keymap.
[[0;32m  OK  [0m] Started Load Kernel Modules.
[[0;32m  OK  [0m] Started Nameserver information manager.
[[0;32m  OK  [0m] Started LVM2 metadata daemon.
         Mounting FUSE Control File System...
         Starting Apply Kernel Variables...
         Starting Create Static Device Nodes in /dev...
         Starting Initial cloud-init job (pre-networking)...
         Starting udev Coldplug all Devices...
         Starting Load/Save Random Seed...
         Starting Flush Journal to Persistent Storage...
[[0;32m  OK  [0m] Mounted FUSE Control File System.
[[0;32m  OK  [0m] Started Apply Kernel Variables.
[[0;32m  OK  [0m] Started Create Static Device Nodes in /dev.
[[0;32m  OK  [0m] Started Load/Save Random Seed.
[[0;32m  OK  [0m] Started udev Coldplug all Devices.
[[0;32m  OK  [0m] Started Flush Journal to Persistent Storage.
         Starting udev Kernel Device Manager...
[[0;32m  OK  [0m] Started udev Kernel Device Manager.
[[0;32m  OK  [0m] Started Dispatch Password Requests to Console Directory Watch.
[[0;32m  OK  [0m] Started Monitoring of LVM2 mirrors,...ng dmeventd or progress polling.
[[0;32m  OK  [0m] Reached target Local File Systems (Pre).
[[0;32m  OK  [0m] Reached target Local File Systems.
         Starting Create Volatile Files and Directories...
         Starting LSB: AppArmor initialization...
         Starting Tell Plymouth To Write Out Runtime Data...
         Starting Set console font and keymap...
[[0;32m  OK  [0m] Started Create Volatile Files and Directories.
[[0;32m  OK  [0m] Started Tell Plymouth To Write Out Runtime Data.
[[0;32m  OK  [0m] Found device /dev/ttyS0.
[[0;32m  OK  [0m] Reached target System Time Synchronized.
         Starting Update UTMP about System Boot/Shutdown...
[[0;32m  OK  [0m] Listening on Load/Save RF Kill Switch Status /dev/rfkill Watch.
[[0;32m  OK  [0m] Started Update UTMP about System Boot/Shutdown.
[[0;32m  OK  [0m] Started LSB: AppArmor initialization.
[[0;32m  OK  [0m] Found device 82540EM Gigabit Ethern...r (PRO/1000 MT Desktop Adapter).
[   20.092247] cloud-init[457]: Cloud-init v. 0.7.9 running 'init-local' at Thu, 10 Aug 2017 14:33:37 +0000. Up 19.77 seconds.
[[0;32m  OK  [0m] Started Initial cloud-init job (pre-networking).
[[0;32m  OK  [0m] Reached target Network (Pre).
[[0;32m  OK  [0m] Started ifup for enp0s3.
         Starting Raise network interfaces...
[[0;32m  OK  [0m] Started Set console font and keymap.
[[0;32m  OK  [0m] Created slice system-getty.slice.
[[0;32m  OK  [0m] Started Raise network interfaces.
[[0;32m  OK  [0m] Reached target Network.
         Starting Initial cloud-init job (metadata service crawler)...
[   22.877238] cloud-init[978]: Cloud-init v. 0.7.9 running 'init' at Thu, 10 Aug 2017 14:33:39 +0000. Up 22.64 seconds.
[[0;32m  OK  [0m] Started Initial cloud-init job (metadata service crawler).
[[0;32m  OK  [0m] Reached target System Initialization.
[   22.962448] cloud-init[978]: ci-info: +++++++++++++++++++++++++++++++++++++Net device info++++++++++++++++++++++++++++++++++++++
[   23.088668] cloud-init[978]: ci-info: +--------+------+----------------------------+---------------+-------+-------------------+
[   23.164805] cloud-init[978]: ci-info: | Device |  Up  |          Address           |      Mask     | Scope |     Hw-Address    |
[   23.210253] cloud-init[978]: ci-info: +--------+------+----------------------------+---------------+-------+-------------------+
[   23.260590] cloud-init[978]: ci-info: | enp0s3 | True |         10.0.2.15          | 255.255.255.0 |   .   | 02:c0:e2:3c:71:11 |
[[0;32m  OK  [0m] Started ACPI Events Check.
[[0;32m  OK  [0m] Reached target Paths.
[[0;32m  OK  [0m] Started Daily Cleanup of Temporary Directories.
[   23.358777] cloud-init[978]: ci-info: | enp0s3 | True | fe80::c0:e2ff:fe3c:7111/64 |       .       |  link | 02:c0:e2:3c:71:11 |
[   23.500407] cloud-init[978]: ci-info: |   lo   | True |         127.0.0.1          |   255.0.0.0   |   .   |         .         |
[   23.540793] cloud-init[978]: ci-info: |   lo   | True |          ::1/128           |       .       |  host |         .         |
[   23.606577] cloud-init[978]: ci-info: +--------+------+----------------------------+---------------+-------+-------------------+
[   23.680467] cloud-init[978]: ci-info: +++++++++++++++++++++++++++Route IPv4 info++++++++++++++++++++++++++++
[[0;32m  OK  [0m] Started Timer to automatically refresh installed snaps.
[[0;32m  OK  [0m] Listening on D-Bus System Message Bus Socket.
         Starting Socket activation for snappy daemon.
[   23.731993] cloud-init[978]: ci-info: +-------+-------------+----------+---------------+-----------+-------+
[   23.877316] cloud-init[978]: ci-info: | Route | Destination | Gateway  |    Genmask    | Interface | Flags |
[   23.940571] cloud-init[978]: ci-info: +-------+-------------+----------+---------------+-----------+-------+
[   24.008777] cloud-init[978]: ci-info: |   0   |   0.0.0.0   | 10.0.2.2 |    0.0.0.0    |   enp0s3  |   UG  |
[   24.041238] cloud-init[978]: ci-info: |   1   |   10.0.2.0  | 0.0.0.0  | 255.255.255.0 |   enp0s3  |   U   |
         Starting LXD - unix socket.
[[0;32m  OK  [0m] Listening on ACPID Listen Socket.
[   24.102869] cloud-init[978]: ci-info: +-------+-------------+----------+---------------+-----------+-------+
[[0;32m  OK  [0m] Listening on UUID daemon activation socket.
[[0;32m  OK  [0m] Reached target Network is Online.
[[0;32m  OK  [0m] Started Daily apt download activities.
[[0;32m  OK  [0m] Started Daily apt upgrade and clean activities.
[[0;32m  OK  [0m] Reached target Timers.
         Starting iSCSI initiator daemon (iscsid)...
[[0;32m  OK  [0m] Reached target Cloud-config availability.
[[0;32m  OK  [0m] Listening on Socket activation for snappy daemon.
[[0;32m  OK  [0m] Listening on LXD - unix socket.
[[0;32m  OK  [0m] Reached target Sockets.
[[0;32m  OK  [0m] Reached target Basic System.
[[0;32m  OK  [0m] Started D-Bus System Message Bus.
         Starting LSB: Record successful boot for GRUB...
         Starting Accounts Service...
         Starting LSB: MD monitoring daemon...
         Starting Apply the settings specified in cloud-config...
[[0;32m  OK  [0m] Started Unattended Upgrades Shutdown.
         Starting OpenBSD Secure Shell server...
[[0;32m  OK  [0m] Started Deferred execution scheduler.
         Starting System Logging Service...
[[0;32m  OK  [0m] Started Snappy daemon.
         Starting Auto import assertions from block devices...
[[0;32m  OK  [0m] Started FUSE filesystem for LXC.
         Starting LXD - container startup/shutdown...
[[0;32m  OK  [0m] Started ACPI event daemon.
         Starting Login Service...
         Starting /etc/rc.local Compatibility...
[[0;32m  OK  [0m] Started Regular background program processing daemon.
[[0;32m  OK  [0m] Started OpenBSD Secure Shell server.
[[0;32m  OK  [0m] Started System Logging Service.
[[0;32m  OK  [0m] Started iSCSI initiator daemon (iscsid).
[   25.205306] cloud-init[1052]: Cloud-init v. 0.7.9 running 'modules:config' at Thu, 10 Aug 2017 14:33:42 +0000. Up 25.06 seconds.
[[0;32m  OK  [0m] Started Auto import assertions from block devices.
[[0;32m  OK  [0m] Started Apply the settings specified in cloud-config.
[[0;32m  OK  [0m] Started LXD - container startup/shutdown.
[[0;32m  OK  [0m] Started /etc/rc.local Compatibility.
[[0;32m  OK  [0m] Started LSB: Record successful boot for GRUB.
[[0;32m  OK  [0m] Started LSB: MD monitoring daemon.
         Starting Authenticate and Authorize Users to Run Privileged Tasks...
         Starting Login to default iSCSI targets...
[[0;32m  OK  [0m] Started Login Service.
[[0;32m  OK  [0m] Started Authenticate and Authorize Users to Run Privileged Tasks.
[[0;32m  OK  [0m] Started Accounts Service.
[[0;32m  OK  [0m] Started Login to default iSCSI targets.
[[0;32m  OK  [0m] Reached target Remote File Systems (Pre).
[[0;32m  OK  [0m] Reached target Remote File Systems.
         Starting LSB: Set the CPU Frequency Scaling governor to "ondemand"...
         Starting LSB: automatic crash report generation...
         Starting LSB: daemon to balance interrupts for SMP systems...
         Starting LSB: VirtualBox Linux Additions...
         Starting Permit User Sessions...
[[0;32m  OK  [0m] Started Permit User Sessions.
[[0;32m  OK  [0m] Started LSB: Set the CPU Frequency Scaling governor to "ondemand".
         Starting Hold until boot process finishes up...
         Starting Terminate Plymouth Boot Screen...
[[0;32m  OK  [0m] Started LSB: automatic crash report generation.
[[0;32m  OK  [0m] Started LSB: daemon to balance interrupts for SMP systems.
[[0;32m  OK  [0m] Started Hold until boot process finishes up.
[[0;32m  OK  [0m] Started Terminate Plymouth Boot Screen.
         Starting Set console scheme...
[[0;32m  OK  [0m] Started Serial Getty on ttyS0.
[[0;32m  OK  [0m] Started Getty on tty1.
[[0;32m  OK  [0m] Reached target Login Prompts.
[[0;32m  OK  [0m] Started LSB: VirtualBox Linux Additions.
[[0;32m  OK  [0m] Started Set console scheme.
[[0;32m  OK  [0m] Reached target Multi-User System.
         Starting Execute cloud user/final scripts...
[[0;32m  OK  [0m] Reached target Graphical Interface.
         Starting Update UTMP about System Runlevel Changes...
[[0;32m  OK  [0m] Started Update UTMP about System Runlevel Changes.
[   26.367726] cloud-init[1208]: Cloud-init v. 0.7.9 running 'modules:final' at Thu, 10 Aug 2017 14:33:43 +0000. Up 26.23 seconds.
[   26.388639] cloud-init[1208]: Cloud-init v. 0.7.9 finished at Thu, 10 Aug 2017 14:33:43 +0000. Datasource DataSourceNoCloud [seed=/dev/sdb][dsmode=net].  Up 26.35 seconds
[[0;32m  OK  [0m] Started Execute cloud user/final scripts.
         Starting Daily apt download activities...
[[0;32m  OK  [0m] Reached target Cloud-init target.
[[0;32m  OK  [0m] Created slice User Slice of ubuntu.
         Starting User Manager for UID 1000...
[[0;32m  OK  [0m] Started User Manager for UID 1000.
[[0;32m  OK  [0m] Started Session 1 of user ubuntu.
         Stopping User Manager for UID 1000...
[[0;32m  OK  [0m] Stopped User Manager for UID 1000.
[[0;32m  OK  [0m] Removed slice User Slice of ubuntu.

Ubuntu 16.04.3 LTS ubuntu-xenial ttyS0

ubuntu-xenial login: [[0;32m  OK  [0m] Stopped target Cloud-init target.
         Stopping ACPI eve[[0;32m  OK  [0m] Unmounted /var/lib/lxcfs.
[[0;32m  OK  [0m] Stopped Accounts Service.
[[0;32m  OK  [0m] Stopped OpenBSD Secure Shell server.
[[0;32m  OK  [0m] Stopped Deferred execution scheduler.
[[0;32m  OK  [0m] Stopped System Logging Service.
[[0;32m  OK  [0m] Stopped Snappy daemon.
[[0;32m  OK  [0m] Stopped ACPI event daemon.
[[0;32m  OK  [0m] Stopped Regular background program processing daemon.
[[0;32m  OK  [0m] Stopped Authenticate and Authorize Users to Run Privileged Tasks.
[[0;32m  OK  [0m] Stopped Serial Getty on ttyS0.
[[0;32m  OK  [0m] Stopped Getty on tty1.
[[0;32m  OK  [0m] Stopped User Manager for UID 1000.
[[0;32m  OK  [0m] Stopped D-Bus System Message Bus.
[[0;32m  OK  [0m] Stopped Unattended Upgrades Shutdown.
[[0;32m  OK  [0m] Stopped Session 3 of user ubuntu.
[[0;32m  OK  [0m] Stopped FUSE filesystem for LXC.
[[0;32m  OK  [0m] Stopped LXD - container startup/shutdown.
[[0;32m  OK  [0m] Stopped LSB: automatic crash report generation.
[[0;32m  OK  [0m] Stopped LSB: Record successful boot for GRUB.
[[0;32m  OK  [0m] Stopped LSB: MD monitoring daemon.
[[0;32m  OK  [0m] Stopped LSB: VirtualBox Linux Additions.
[[0;32m  OK  [0m] Stopped LSB: daemon to balance interrupts for SMP systems.
[[0;32m  OK  [0m] Stopped LSB: Set the CPU Frequency Scaling governor to "ondemand".
[[0;32m  OK  [0m] Removed slice User Slice of ubuntu.
         Stopping Login Service...
[[0;32m  OK  [0m] Removed slice system-getty.slice.
[[0;32m  OK  [0m] Stopped /etc/rc.local Compatibility.
[[0;32m  OK  [0m] Removed slice system-serial\x2dgetty.slice.
         Stopping Permit User Sessions...
[[0;32m  OK  [0m] Stopped Login Service.
[[0;32m  OK  [0m] Stopped Permit User Sessions.
[[0;32m  OK  [0m] Stopped target Remote File Systems.
[[0;32m  OK  [0m] Stopped target Remote File Systems (Pre).
         Stopping Login to default iSCSI targets...
[[0;32m  OK  [0m] Stopped target User and Group Name Lookups.
[[0;32m  OK  [0m] Stopped target Basic System.
[[0;32m  OK  [0m] Stopped target Paths.
[[0;32m  OK  [0m] Stopped ACPI Events Check.
[[0;32m  OK  [0m] Stopped Forward Password Requests to Wall Directory Watch.
[[0;32m  OK  [0m] Stopped Dispatch Password Requests to Console Directory Watch.
[[0;32m  OK  [0m] Stopped target Sockets.
[[0;32m  OK  [0m] Closed UUID daemon activation socket.
[[0;32m  OK  [0m] Closed Socket activation for snappy daemon.
[[0;32m  OK  [0m] Closed ACPID Listen Socket.
[[0;32m  OK  [0m] Closed D-Bus System Message Bus Socket.
[[0;32m  OK  [0m] Closed Syslog Socket.
[[0;32m  OK  [0m] Closed LXD - unix socket.
[[0;32m  OK  [0m] Stopped target System Initialization.
[[0;32m  OK  [0m] Stopped target Swap.
[[0;32m  OK  [0m] Stopped target Encrypted Volumes.
         Stopping Update UTMP about System Boot/Shutdown...
         Stopping Load/Save Random Seed...
[[0;32m  OK  [0m] Stopped target Slices.
[[0;32m  OK  [0m] Removed slice User and Session Slice.
[[0;32m  OK  [0m] Stopped Load/Save Random Seed.
[[0;32m  OK  [0m] Stopped Update UTMP about System Boot/Shutdown.
[[0;32m  OK  [0m] Stopped Login to default iSCSI targets.
         Stopping iSCSI initiator daemon (iscsid)...
[[0;32m  OK  [0m] Stopped Create Volatile Files and Directories.
[[0;32m  OK  [0m] Stopped iSCSI initiator daemon (iscsid).
[[0;32m  OK  [0m] Stopped target Network is Online.
[[0;32m  OK  [0m] Stopped Initial cloud-init job (metadata service crawler).
[[0;32m  OK  [0m] Stopped target Network.
         Stopping Raise network interfaces...
[[0;32m  OK  [0m] Stopped Raise network interfaces.
[[0;32m  OK  [0m] Stopped Apply Kernel Variables.
[[0;32m  OK  [0m] Stopped Load Kernel Modules.
[[0;32m  OK  [0m] Stopped target Network (Pre).
[[0;32m  OK  [0m] Stopped Initial cloud-init job (pre-networking).
[[0;32m  OK  [0m] Stopped target Local File Systems.
         Unmounting /vagrant...
         Unmounting /run/user/1000...
[[0;32m  OK  [0m] Unmounted /vagrant.
[[0;32m  OK  [0m] Unmounted /run/user/1000.
[[0;32m  OK  [0m] Reached target Unmount All Filesystems.
[[0;32m  OK  [0m] Stopped target Local File Systems (Pre).
[[0;32m  OK  [0m] Stopped Remount Root and Kernel File Systems.
         Stopping Monitoring of LVM2 mirrors... dmeventd or progress polling...
[[0;32m  OK  [0m] Stopped Create Static Device Nodes in /dev.
[[0;32m  OK  [0m] Reached target Shutdown.
[  202.166881] reboot: Power down